         ps       /mp1_tb/mem_address                
          delta       /mp1_tb/mem_write              
                  /mp1_tb/mem_byte_enable            
                             /mp1_tb/mem_wdata       
          0  +0                  xxxx x x xxxx 
          0  +1                  0000 0 3 0000 
      15000  +3                  0000 0 3 xxxx 
     235000  +3                  0000 0 3 e06a 
     505000  +3                  0002 0 3 6200 
     765000  +3                  00d6 0 3 0000 
    1015000  +3                  0004 0 3 6401 
    1275000  +3                  00d8 0 3 0070 
    1525000  +3                  0006 0 3 6e02 
    1785000  +3                  00da 0 3 000a 
    2035000  +3                  0008 0 3 1287 
    2305000  +3                  000a 0 3 167c 
    2575000  +3                  000c 0 3 1243 
    2845000  +3                  000e 0 3 1241 
    3115000  +3                  0010 0 3 720f 
    3155000  +3                  00f4 0 3 01e0 
    3155000  +6                  00f4 1 3 01e0 
    3385000  +4                  00f4 0 3 01e0 
    3625000  +3                  0012 0 3 6203 
    3885000  +3                  00dc 0 3 270f 
    4135000  +3                  0014 0 3 6404 
    4395000  +3                  00de 0 3 002a 
    4645000  +3                  0016 0 3 5c42 
    4915000  +3                  0018 0 3 5baa 
    5185000  +3                  001a 0 3 7a10 
    5225000  +3                  00f6 0 3 000a 
    5225000  +6                  00f6 1 3 000a 
    5455000  +4                  00f6 0 3 000a 
    5695000  +3                  001c 0 3 6e05 
    5955000  +3                  00e0 0 3 bac8 
    6205000  +3                  001e 0 3 9fff 
    6475000  +3                  0020 0 3 7e11 
    6515000  +3                  00f8 0 3 4537 
    6515000  +6                  00f8 1 3 4537 
    6745000  +4                  00f8 0 3 4537 
    6985000  +3                  0022 0 3 6209 
    7245000  +3                  00e8 0 3 0d0d 
    7495000  +3                  0024 0 3 d464 
    7765000  +3                  0026 0 3 d652 
    8035000  +3                  0028 0 3 d4a1 
    8305000  +3                  002a 0 3 d6d1 
    8575000  +3                  002c 0 3 1483 
    8845000  +3                  002e 0 3 14a1 
    9115000  +3                  0030 0 3 d873 
    9385000  +3                  0032 0 3 620a 
    9645000  +3                  00ea 0 3 9884 
    9895000  +3                  0034 0 3 da76 
   10165000  +3                  0036 0 3 7412 
   10205000  +3                  00fa 0 3 a342 
   10205000  +6                  00fa 1 3 a342 
   10435000  +4                  00fa 0 3 a342 
   10675000  +3                  0038 0 3 7813 
   10715000  +3                  00fc 0 3 01a1 
   10715000  +6                  00fc 1 3 01a1 
   10945000  +4                  00fc 0 3 01a1 
   11185000  +3                  003a 0 3 7a14 
   11225000  +3                  00fe 0 3 fe62 
   11225000  +6                  00fe 1 3 fe62 
   11455000  +4                  00fe 0 3 fe62 
   11695000  +3                  003c 0 3 e261 
   11965000  +3                  003e 0 3 7216 
   12005000  +3                  0102 0 3 0100 
   12005000  +6                  0102 1 3 0100 
   12235000  +4                  0102 0 3 0100 
   12475000  +3                  0040 0 3 1b6d 
   12745000  +3                  0042 0 3 ba16 
   13005000  +3                  0102 0 3 0100 
   13025000  +3                  0100 0 3 fe6f 
   13025000  +6                  0100 1 3 fe6f 
   13255000  +4                  0100 0 3 fe6f 
   13495000  +3                  0044 0 3 6207 
   13755000  +3                  00e4 0 3 0003 
   14005000  +3                  0046 0 3 6406 
   14265000  +3                  00e2 0 3 0007 
   14515000  +3                  0048 0 3 56e0 
   14785000  +3                  004a 0 3 14a5 
   15055000  +3                  004c 0 3 127f 
   15325000  +3                  004e 0 3 03fd 
   15605000  +3                  004a 0 3 14a5 
   15875000  +3                  004c 0 3 127f 
   16145000  +3                  004e 0 3 03fd 
   16425000  +3                  004a 0 3 14a5 
   16695000  +3                  004c 0 3 127f 
   16965000  +3                  004e 0 3 03fd 
   17235000  +3                  0050 0 3 1267 
   17505000  +3                  0052 0 3 14ba 
   17775000  +3                  0054 0 3 03fd 
   18055000  +3                  0050 0 3 1267 
   18325000  +3                  0052 0 3 14ba 
   18595000  +3                  0054 0 3 03fd 
   18875000  +3                  0050 0 3 1267 
   19145000  +3                  0052 0 3 14ba 
   19415000  +3                  0054 0 3 03fd 
   19695000  +3                  0050 0 3 1267 
   19965000  +3                  0052 0 3 14ba 
   20235000  +3                  0054 0 3 03fd 
   20505000  +3                  0056 0 3 05f9 
   20775000  +3                  0058 0 3 0801 
   21055000  +3                  005c 0 3 1481 
   21325000  +3                  005e 0 3 7416 
   21365000  +3                  0102 0 3 001a 
   21365000  +6                  0102 1 3 001a 
   21595000  +4                  0102 0 3 001a 
   21835000  +3                  0060 0 3 6c00 
   22095000  +3                  00d6 0 3 0000 
   22345000  +3                  0062 0 3 4832 
   22615000  +3                  00c8 0 3 9dff 
   22885000  +3                  00ca 0 3 c1c0 
   23155000  +3                  0064 0 3 7c17 
   23195000  +3                  0104 0 3 ff9b 
   23195000  +6                  0104 1 3 ff9b 
   23425000  +4                  0104 0 3 ff9b 
   23665000  +3                  0066 0 3 5b6d 
   23935000  +3                  0068 0 3 e602 
   24205000  +3                  006a 0 3 c0c0 
   24475000  +3                  006e 0 3 7a18 
   24515000  +3                  0106 0 3 000d 
   24515000  +6                  0106 1 3 000d 
   24745000  +4                  0106 0 3 000d 
   24985000  +3                  0070 0 3 6a08 
   25245000  +3                  00e6 0 3 0bad 
   25495000  +3                  0072 0 3 f08d 
   25755000  +3                  011a 0 3 011c 
   26005000  +3                  011c 0 3 6a0b 
   26265000  +3                  00ec 0 3 ae85 
   26515000  +3                  011e 0 3 9b7f 
   26785000  +3                  0120 0 3 c1c0 
   27055000  +3                  0074 0 3 7a19 
   27095000  +3                  0108 0 3 517a 
   27095000  +6                  0108 1 3 517a 
   27325000  +4                  0108 0 3 517a 
   27565000  +3                  0076 0 3 e22f 
   27835000  +3                  0078 0 3 1261 
   28105000  +3                  007a 0 3 2416 
   28365000  +3                  00ec 0 3 ae85 
   28615000  +3                  007c 0 3 2656 
   28875000  +3                  00ed 0 3 ae85 
   29125000  +3                  007e 0 3 18c2 
   29395000  +3                  0080 0 3 781a 
   29435000  +3                  010a 0 3 0133 
   29435000  +6                  010a 1 3 0133 
   29665000  +4                  010a 0 3 0133 
   29905000  +3                  0082 0 3 14ab 
   30175000  +3                  0084 0 3 16fe 
   30445000  +3                  0086 0 3 e246 
   30715000  +3                  0088 0 3 3479 
   30755000  +3                  010d 0 3 9000 
   30755000  +6                  010d 1 2 9000 
   30985000  +4                  010d 0 3 9000 
   31225000  +3                  008a 0 3 3678 
   31265000  +3                  010c 0 3 00ac 
   31265000  +6                  010c 1 1 00ac 
   31495000  +4                  010c 0 3 00ac 
   31515000  +3                  008c 0 3 90ac 
   31735000  +3                  008c 0 3 681b 
   31995000  +3                  010c 0 3 90ac 
   32245000  +3                  008e 0 3 781a 
   32285000  +3                  010a 0 3 90ac 
   32285000  +6                  010a 1 3 90ac 
   32515000  +4                  010a 0 3 90ac 
   32755000  +3                  0090 0 3 e630 
   33025000  +3                  0092 0 3 761d 
   33065000  +3                  0110 0 3 00f2 
   33065000  +6                  0110 1 3 00f2 
   33295000  +4                  0110 0 3 00f2 
   33535000  +3                  0094 0 3 a61d 
   33795000  +3                  0110 0 3 00f2 
   34035000  +3                  00f2 0 3 0646 
   34285000  +3                  0096 0 3 761c 
   34325000  +3                  010e 0 3 0646 
   34325000  +6                  010e 1 3 0646 
   34555000  +4                  010e 0 3 0646 
   34795000  +3                  0098 0 3 e9ff 
   35065000  +3                  009a 0 3 6505 
   35325000  +3                  00a2 0 3 1269 
   35575000  +3                  009c 0 3 14a3 
   35845000  +3                  009e 0 3 5260 
   36115000  +3                  00a0 0 3 7505 
   36155000  +3                  00a2 0 3 126c 
   36155000  +6                  00a2 1 3 126c 
   36385000  +4                  00a2 0 3 126c 
   36895000  +3                  00a4 0 3 721e 
   36935000  +3                  0112 0 3 000c 
   36935000  +6                  0112 1 3 000c 
   37165000  +4                  0112 0 3 000c 
   37405000  +3                  00a6 0 3 1221 
   37675000  +3                  00a8 0 3 664b 
   37935000  +3                  00ed 0 3 ae85 
   38185000  +3                  00aa 0 3 ec34 
   38455000  +3                  00ac 0 3 7780 
   38495000  +3                  0114 0 3 ae85 
   38495000  +6                  0114 1 3 ae85 
   38725000  +4                  0114 0 3 ae85 
   38965000  +3                  00ae 0 3 620b 
   39225000  +3                  00ec 0 3 ae85 
   39475000  +3                  00b0 0 3 060d 
   39745000  +3                  00b2 0 3 6208 
   40005000  +3                  00e6 0 3 0bad 
   40255000  +3                  00b4 0 3 e436 
   40525000  +3                  00b6 0 3 4080 
   40795000  +3                  0122 0 3 660c 
   41055000  +3                  00ee 0 3 5460 
   41305000  +3                  0124 0 3 1243 
   41575000  +3                  0126 0 3 c1c0 
   41845000  +3                  00b8 0 3 7381 
   41885000  +3                  0116 0 3 600d 
   41885000  +6                  0116 1 3 600d 
   42115000  +4                  0116 0 3 600d 
   42355000  +3                  00ba 0 3 1222 
   42625000  +3                  00bc 0 3 eda1 
   42895000  +3                  00be 0 3 0401 
   43175000  +3                  00c2 0 3 ec28 
   43445000  +3                  00c4 0 3 7382 
   43485000  +3                  0118 0 3 00d8 
   43485000  +6                  0118 1 3 00d8 
   43715000  +4                  0118 0 3 00d8 
   43955000  +3                  00c6 0 3 0fff 
